
  .   ____          _            __ _ _
 /\\ / ___'_ __ _ _(_)_ __  __ _ \ \ \ \
( ( )\___ | '_ | '_| | '_ \/ _` | \ \ \ \
 \\/  ___)| |_)| | | | | || (_| |  ) ) ) )
  '  |____| .__|_| |_|_| |_\__, | / / / /
 =========|_|==============|___/=/_/_/_/
 :: Spring Boot ::                (v3.2.0)

2025-10-24T19:50:44.660+01:00  INFO 37883 --- [user-service] [           main] c.h.userservice.UserServiceApplication   : Starting UserServiceApplication v1.0.0 using Java 25 with PID 37883 (/Users/ngoubimaximilliandiamgha/Desktop/healthfinance-plus/user-service/target/user-service-1.0.0.jar started by ngoubimaximilliandiamgha in /Users/ngoubimaximilliandiamgha/Desktop/healthfinance-plus)
2025-10-24T19:50:44.661+01:00 DEBUG 37883 --- [user-service] [           main] c.h.userservice.UserServiceApplication   : Running with Spring Boot v3.2.0, Spring v6.1.1
2025-10-24T19:50:44.661+01:00  INFO 37883 --- [user-service] [           main] c.h.userservice.UserServiceApplication   : No active profile set, falling back to 1 default profile: "default"
2025-10-24T19:50:45.166+01:00  INFO 37883 --- [user-service] [           main] .s.d.r.c.RepositoryConfigurationDelegate : Bootstrapping Spring Data JPA repositories in DEFAULT mode.
2025-10-24T19:50:45.191+01:00  INFO 37883 --- [user-service] [           main] .s.d.r.c.RepositoryConfigurationDelegate : Finished Spring Data repository scanning in 21 ms. Found 3 JPA repository interfaces.
WARNING: A restricted method in java.lang.System has been called
WARNING: java.lang.System::load has been called by org.apache.tomcat.jni.Library in an unnamed module (jar:nested:/Users/ngoubimaximilliandiamgha/Desktop/healthfinance-plus/user-service/target/user-service-1.0.0.jar/!BOOT-INF/lib/tomcat-embed-core-10.1.16.jar!/)
WARNING: Use --enable-native-access=ALL-UNNAMED to avoid a warning for callers in this module
WARNING: Restricted methods will be blocked in a future release unless native access is enabled

2025-10-24T19:50:45.445+01:00  INFO 37883 --- [user-service] [           main] o.s.b.w.embedded.tomcat.TomcatWebServer  : Tomcat initialized with port 8081 (http)
2025-10-24T19:50:45.449+01:00  INFO 37883 --- [user-service] [           main] o.apache.catalina.core.StandardService   : Starting service [Tomcat]
2025-10-24T19:50:45.449+01:00  INFO 37883 --- [user-service] [           main] o.apache.catalina.core.StandardEngine    : Starting Servlet engine: [Apache Tomcat/10.1.16]
2025-10-24T19:50:45.465+01:00  INFO 37883 --- [user-service] [           main] o.a.c.c.C.[Tomcat].[localhost].[/]       : Initializing Spring embedded WebApplicationContext
2025-10-24T19:50:45.465+01:00  INFO 37883 --- [user-service] [           main] w.s.c.ServletWebServerApplicationContext : Root WebApplicationContext: initialization completed in 768 ms
2025-10-24T19:50:45.544+01:00  INFO 37883 --- [user-service] [           main] o.hibernate.jpa.internal.util.LogHelper  : HHH000204: Processing PersistenceUnitInfo [name: default]
2025-10-24T19:50:45.580+01:00  INFO 37883 --- [user-service] [           main] org.hibernate.Version                    : HHH000412: Hibernate ORM core version 6.3.1.Final
2025-10-24T19:50:45.601+01:00  INFO 37883 --- [user-service] [           main] o.h.c.internal.RegionFactoryInitiator    : HHH000026: Second-level cache disabled
2025-10-24T19:50:45.740+01:00  INFO 37883 --- [user-service] [           main] o.s.o.j.p.SpringPersistenceUnitInfo      : No LoadTimeWeaver setup: ignoring JPA class transformer
2025-10-24T19:50:45.754+01:00  INFO 37883 --- [user-service] [           main] com.zaxxer.hikari.HikariDataSource       : HikariPool-1 - Starting...
2025-10-24T19:50:45.887+01:00  INFO 37883 --- [user-service] [           main] com.zaxxer.hikari.pool.HikariPool        : HikariPool-1 - Added connection org.postgresql.jdbc.PgConnection@7be38eba
2025-10-24T19:50:45.887+01:00  INFO 37883 --- [user-service] [           main] com.zaxxer.hikari.HikariDataSource       : HikariPool-1 - Start completed.
2025-10-24T19:50:45.908+01:00  WARN 37883 --- [user-service] [           main] org.hibernate.orm.deprecation            : HHH90000025: PostgreSQLDialect does not need to be specified explicitly using 'hibernate.dialect' (remove the property setting and it will be selected by default)
2025-10-24T19:50:46.366+01:00  INFO 37883 --- [user-service] [           main] o.h.e.t.j.p.i.JtaPlatformInitiator       : HHH000489: No JTA platform available (set 'hibernate.transaction.jta.platform' to enable JTA platform integration)
2025-10-24T19:50:46.418+01:00  INFO 37883 --- [user-service] [           main] j.LocalContainerEntityManagerFactoryBean : Initialized JPA EntityManagerFactory for persistence unit 'default'
2025-10-24T19:50:46.588+01:00 DEBUG 37883 --- [user-service] [           main] c.h.u.security.JwtAuthenticationFilter   : Filter 'jwtAuthenticationFilter' configured for use
2025-10-24T19:50:46.720+01:00  WARN 37883 --- [user-service] [           main] JpaBaseConfiguration$JpaWebConfiguration : spring.jpa.open-in-view is enabled by default. Therefore, database queries may be performed during view rendering. Explicitly configure spring.jpa.open-in-view to disable this warning
2025-10-24T19:50:46.831+01:00  INFO 37883 --- [user-service] [           main] o.s.s.web.DefaultSecurityFilterChain     : Will secure any request with [org.springframework.security.web.session.DisableEncodeUrlFilter@7137cd14, org.springframework.security.web.context.request.async.WebAsyncManagerIntegrationFilter@47d0195b, org.springframework.security.web.context.SecurityContextHolderFilter@57c7ec30, org.springframework.security.web.header.HeaderWriterFilter@35bf6dba, org.springframework.web.filter.CorsFilter@6de2344a, org.springframework.security.web.authentication.logout.LogoutFilter@cf0bc92, com.healthfinance.userservice.security.JwtAuthenticationFilter@2cd877d3, org.springframework.security.web.savedrequest.RequestCacheAwareFilter@2c8c42c, org.springframework.security.web.servletapi.SecurityContextHolderAwareRequestFilter@5032b2e, org.springframework.security.web.authentication.AnonymousAuthenticationFilter@577dac16, org.springframework.security.web.session.SessionManagementFilter@e356940, org.springframework.security.web.access.ExceptionTranslationFilter@5cd2adc7, org.springframework.security.web.access.intercept.AuthorizationFilter@428e9be2]
2025-10-24T19:50:46.941+01:00  INFO 37883 --- [user-service] [           main] o.s.b.w.embedded.tomcat.TomcatWebServer  : Tomcat started on port 8081 (http) with context path ''
2025-10-24T19:50:46.946+01:00  INFO 37883 --- [user-service] [           main] c.h.userservice.UserServiceApplication   : Started UserServiceApplication in 2.496 seconds (process running for 2.829)
2025-10-24T19:51:12.745+01:00  INFO 37883 --- [user-service] [nio-8081-exec-1] o.a.c.c.C.[Tomcat].[localhost].[/]       : Initializing Spring DispatcherServlet 'dispatcherServlet'
2025-10-24T19:51:12.746+01:00  INFO 37883 --- [user-service] [nio-8081-exec-1] o.s.web.servlet.DispatcherServlet        : Initializing Servlet 'dispatcherServlet'
2025-10-24T19:51:12.750+01:00  INFO 37883 --- [user-service] [nio-8081-exec-1] o.s.web.servlet.DispatcherServlet        : Completed initialization in 4 ms
2025-10-24T19:51:12.756+01:00  WARN 37883 --- [user-service] [nio-8081-exec-1] o.s.w.s.h.HandlerMappingIntrospector     : Cache miss for REQUEST dispatch to '/api/auth/register' (previous null). Performing CorsConfiguration lookup. This is logged once only at WARN level, and every time at TRACE.
2025-10-24T19:51:12.764+01:00  WARN 37883 --- [user-service] [nio-8081-exec-1] o.s.w.s.h.HandlerMappingIntrospector     : Cache miss for REQUEST dispatch to '/api/auth/register' (previous null). Performing MatchableHandlerMapping lookup. This is logged once only at WARN level, and every time at TRACE.
Hibernate: 
    select
        u1_0.id 
    from
        users u1_0 
    where
        u1_0.email=? 
    fetch
        first ? rows only
Hibernate: 
    select
        r1_0.id,
        r1_0.description,
        r1_0.name 
    from
        roles r1_0 
    where
        r1_0.name=?
